[2025-12-10 21:16:16,404][asyncio][DEBUG] - Using selector: EpollSelector
[2025-12-10 21:16:17,963][omni.kit.telemetry.impl.sentry_extension][INFO] - sentry is disabled for external build
[2025-12-10 21:16:17,964][omni.kit.telemetry.impl.sentry_extension][INFO] - sentry is disabled for external build
[2025-12-10 21:16:23,391][omni.kit.profiler.window][WARNING] - remove _SpanInstance.__lt__ and use insort 'key' arg instead
[2025-12-10 21:16:31,787][git.util][DEBUG] - sys.platform='linux', git_executable='git'
[2025-12-10 21:16:31,789][git.cmd][DEBUG] - Popen(['git', 'rev-parse', '--show-toplevel'], cwd=/root/NavRL, stdin=None, shell=False, universal_newlines=False)
[2025-12-10 21:16:31,940][urllib3.connectionpool][DEBUG] - Starting new HTTPS connection (1): api.wandb.ai:443
[2025-12-10 21:16:32,583][urllib3.connectionpool][DEBUG] - https://api.wandb.ai:443 "POST /graphql HTTP/1.1" 200 None
[2025-12-10 21:16:32,588][urllib3.connectionpool][DEBUG] - Starting new HTTPS connection (1): api.wandb.ai:443
[2025-12-10 21:16:33,354][urllib3.connectionpool][DEBUG] - https://api.wandb.ai:443 "POST /graphql HTTP/1.1" 200 None
[2025-12-10 21:16:33,380][git.util][DEBUG] - sys.platform='linux', git_executable='git'
[2025-12-10 21:16:33,383][git.cmd][DEBUG] - Popen(['git', 'cat-file', '--batch-check'], cwd=/root/NavRL, stdin=<valid stream>, shell=False, universal_newlines=False)
[2025-12-10 21:18:50,266][trimesh.util][DEBUG] - falling back to hashlib hashing: `pip install xxhash`for 50x faster cache checks
[2025-12-10 21:18:51,440][root][INFO] - Reading Hummingbird's params from /root/NavRL/isaac-training/third_party/OmniDrones/omni_drones/robots/assets/usd/hummingbird.yaml.
[2025-12-10 21:18:53,037][trimesh.util][DEBUG] - 2 items cleared from cache: ['face_normals', 'triangles']
[2025-12-10 21:19:20,135][root][INFO] - Default parameters:
Mass: [[0.6800000071525574]]
Inertia: [[0.007000000681728125, 0.007000000681728125, 0.011999999172985554]]
Thrust2Weight: [[0.8999204039573669, 0.8999204039573669, 0.8999204039573669, 0.8999204039573669]]
Force2Moment: [[62.499996185302734, 62.499996185302734, 62.499996185302734, 62.499996185302734]]
