[2025-12-23 22:15:59,214][asyncio][DEBUG] - Using selector: EpollSelector
[2025-12-23 22:16:00,405][omni.kit.telemetry.impl.sentry_extension][INFO] - sentry is disabled for external build
[2025-12-23 22:16:00,405][omni.kit.telemetry.impl.sentry_extension][INFO] - sentry is disabled for external build
[2025-12-23 22:16:04,516][omni.kit.profiler.window][WARNING] - remove _SpanInstance.__lt__ and use insort 'key' arg instead
[2025-12-23 22:19:19,461][git.util][DEBUG] - sys.platform='linux', git_executable='git'
[2025-12-23 22:19:19,463][git.cmd][DEBUG] - Popen(['git', 'rev-parse', '--show-toplevel'], cwd=/root/NavRL, stdin=None, shell=False, universal_newlines=False)
[2025-12-23 22:19:19,593][urllib3.connectionpool][DEBUG] - Starting new HTTPS connection (1): api.wandb.ai:443
[2025-12-23 22:19:20,279][urllib3.connectionpool][DEBUG] - https://api.wandb.ai:443 "POST /graphql HTTP/1.1" 200 None
[2025-12-23 22:19:20,284][urllib3.connectionpool][DEBUG] - Starting new HTTPS connection (1): api.wandb.ai:443
[2025-12-23 22:19:21,035][urllib3.connectionpool][DEBUG] - https://api.wandb.ai:443 "POST /graphql HTTP/1.1" 200 None
[2025-12-23 22:19:21,064][git.util][DEBUG] - sys.platform='linux', git_executable='git'
[2025-12-23 22:19:21,067][git.cmd][DEBUG] - Popen(['git', 'cat-file', '--batch-check'], cwd=/root/NavRL, stdin=<valid stream>, shell=False, universal_newlines=False)
[2025-12-23 22:21:37,439][trimesh.util][DEBUG] - falling back to hashlib hashing: `pip install xxhash`for 50x faster cache checks
[2025-12-23 22:21:38,029][root][INFO] - Reading Hummingbird's params from /root/NavRL/isaac-training/third_party/OmniDrones/omni_drones/robots/assets/usd/hummingbird.yaml.
[2025-12-23 22:21:39,196][trimesh.util][DEBUG] - 2 items cleared from cache: ['face_normals', 'triangles']
[2025-12-23 22:23:07,760][root][INFO] - Default parameters:
Mass: [[0.6800000071525574]]
Inertia: [[0.007000000681728125, 0.007000000681728125, 0.011999999172985554]]
Thrust2Weight: [[0.8999204039573669, 0.8999204039573669, 0.8999204039573669, 0.8999204039573669]]
Force2Moment: [[62.499996185302734, 62.499996185302734, 62.499996185302734, 62.499996185302734]]
