[2025-12-17 20:14:48,107][asyncio][DEBUG] - Using selector: EpollSelector
[2025-12-17 20:14:49,383][omni.kit.telemetry.impl.sentry_extension][INFO] - sentry is disabled for external build
[2025-12-17 20:14:49,384][omni.kit.telemetry.impl.sentry_extension][INFO] - sentry is disabled for external build
[2025-12-17 20:14:53,761][omni.kit.profiler.window][WARNING] - remove _SpanInstance.__lt__ and use insort 'key' arg instead
[2025-12-17 20:15:02,186][git.util][DEBUG] - sys.platform='linux', git_executable='git'
[2025-12-17 20:15:02,188][git.cmd][DEBUG] - Popen(['git', 'rev-parse', '--show-toplevel'], cwd=/root/NavRL, stdin=None, shell=False, universal_newlines=False)
[2025-12-17 20:15:02,341][urllib3.connectionpool][DEBUG] - Starting new HTTPS connection (1): api.wandb.ai:443
[2025-12-17 20:15:03,058][urllib3.connectionpool][DEBUG] - https://api.wandb.ai:443 "POST /graphql HTTP/1.1" 200 None
[2025-12-17 20:15:03,062][urllib3.connectionpool][DEBUG] - Starting new HTTPS connection (1): api.wandb.ai:443
[2025-12-17 20:15:03,874][urllib3.connectionpool][DEBUG] - https://api.wandb.ai:443 "POST /graphql HTTP/1.1" 200 None
[2025-12-17 20:15:03,905][git.util][DEBUG] - sys.platform='linux', git_executable='git'
[2025-12-17 20:15:03,908][git.cmd][DEBUG] - Popen(['git', 'cat-file', '--batch-check'], cwd=/root/NavRL, stdin=<valid stream>, shell=False, universal_newlines=False)
[2025-12-17 20:17:20,372][trimesh.util][DEBUG] - falling back to hashlib hashing: `pip install xxhash`for 50x faster cache checks
[2025-12-17 20:17:21,041][root][INFO] - Reading Hummingbird's params from /root/NavRL/isaac-training/third_party/OmniDrones/omni_drones/robots/assets/usd/hummingbird.yaml.
[2025-12-17 20:17:22,366][trimesh.util][DEBUG] - 2 items cleared from cache: ['face_normals', 'triangles']
[2025-12-17 20:17:54,868][root][INFO] - Default parameters:
Mass: [[0.6800000071525574]]
Inertia: [[0.007000000681728125, 0.007000000681728125, 0.011999999172985554]]
Thrust2Weight: [[0.8999204039573669, 0.8999204039573669, 0.8999204039573669, 0.8999204039573669]]
Force2Moment: [[62.499996185302734, 62.499996185302734, 62.499996185302734, 62.499996185302734]]
