[2025-12-17 20:33:54,861][asyncio][DEBUG] - Using selector: EpollSelector
[2025-12-17 20:33:56,098][omni.kit.telemetry.impl.sentry_extension][INFO] - sentry is disabled for external build
[2025-12-17 20:33:56,099][omni.kit.telemetry.impl.sentry_extension][INFO] - sentry is disabled for external build
[2025-12-17 20:34:00,386][omni.kit.profiler.window][WARNING] - remove _SpanInstance.__lt__ and use insort 'key' arg instead
[2025-12-17 20:34:08,427][git.util][DEBUG] - sys.platform='linux', git_executable='git'
[2025-12-17 20:34:08,428][git.cmd][DEBUG] - Popen(['git', 'rev-parse', '--show-toplevel'], cwd=/root/NavRL, stdin=None, shell=False, universal_newlines=False)
[2025-12-17 20:34:08,579][urllib3.connectionpool][DEBUG] - Starting new HTTPS connection (1): api.wandb.ai:443
[2025-12-17 20:34:09,300][urllib3.connectionpool][DEBUG] - https://api.wandb.ai:443 "POST /graphql HTTP/1.1" 200 None
[2025-12-17 20:34:09,306][urllib3.connectionpool][DEBUG] - Starting new HTTPS connection (1): api.wandb.ai:443
[2025-12-17 20:34:10,109][urllib3.connectionpool][DEBUG] - https://api.wandb.ai:443 "POST /graphql HTTP/1.1" 200 None
[2025-12-17 20:34:10,136][git.util][DEBUG] - sys.platform='linux', git_executable='git'
[2025-12-17 20:34:10,138][git.cmd][DEBUG] - Popen(['git', 'cat-file', '--batch-check'], cwd=/root/NavRL, stdin=<valid stream>, shell=False, universal_newlines=False)
[2025-12-17 20:36:27,213][trimesh.util][DEBUG] - falling back to hashlib hashing: `pip install xxhash`for 50x faster cache checks
[2025-12-17 20:36:27,937][root][INFO] - Reading Hummingbird's params from /root/NavRL/isaac-training/third_party/OmniDrones/omni_drones/robots/assets/usd/hummingbird.yaml.
[2025-12-17 20:36:29,215][trimesh.util][DEBUG] - 2 items cleared from cache: ['face_normals', 'triangles']
[2025-12-17 20:37:04,459][root][INFO] - Default parameters:
Mass: [[0.6800000071525574]]
Inertia: [[0.007000000681728125, 0.007000000681728125, 0.011999999172985554]]
Thrust2Weight: [[0.8999204039573669, 0.8999204039573669, 0.8999204039573669, 0.8999204039573669]]
Force2Moment: [[62.499996185302734, 62.499996185302734, 62.499996185302734, 62.499996185302734]]
[2025-12-17 20:40:32,429][matplotlib][DEBUG] - matplotlib data path: /root/autodl-tmp/isaac_sim-2023.1.0-hotfix.1/exts/omni.isaac.core_archive/pip_prebundle/matplotlib/mpl-data
[2025-12-17 20:40:32,438][matplotlib][DEBUG] - CONFIGDIR=/root/.config/matplotlib
[2025-12-17 20:40:32,439][matplotlib][DEBUG] - interactive is False
[2025-12-17 20:40:32,440][matplotlib][DEBUG] - platform is linux
[2025-12-17 20:40:32,489][matplotlib][DEBUG] - CACHEDIR=/root/.cache/matplotlib
[2025-12-17 20:40:32,490][matplotlib.font_manager][DEBUG] - Using fontManager instance from /root/.cache/matplotlib/fontlist-v330.json
[2025-12-17 20:40:41,660][py.warnings][WARNING] - /root/miniconda3/envs/NavRL/lib/python3.10/site-packages/torch/_functorch/deprecated.py:61: UserWarning: We've integrated functorch into PyTorch. As the final step of the integration, functorch.vmap is deprecated as of PyTorch 2.0 and will be deleted in a future version of PyTorch >= 2.3. Please use torch.vmap instead; see the PyTorch 2.0 release notes and/or the torch.func migration guide for more details https://pytorch.org/docs/master/func.migrating.html
  warn_deprecated('vmap', 'torch.vmap')

